<?xml version="1.0" encoding="UTF-8"?>
<beans xmlns="http://www.springframework.org/schema/beans"
       xmlns:xsi="http://www.w3.org/2001/XMLSchema-instance"
       xmlns:context="http://www.springframework.org/schema/context"
       xmlns:mvc="http://www.springframework.org/schema/mvc"
       xmlns:ehcache="http://ehcache-spring-annotations.googlecode.com/svn/schema/ehcache-spring"
       xmlns:jdbc="http://www.springframework.org/schema/jdbc"
       xsi:schemaLocation="http://www.springframework.org/schema/beans http://www.springframework.org/schema/beans/spring-beans-4.0.xsd
		http://www.springframework.org/schema/context http://www.springframework.org/schema/context/spring-context-4.0.xsd
		http://www.springframework.org/schema/mvc http://www.springframework.org/schema/mvc/spring-mvc-4.0.xsd
		http://www.springframework.org/schema/jdbc http://www.springframework.org/schema/jdbc/spring-jdbc-4.0.xsd
        http://ehcache-spring-annotations.googlecode.com/svn/schema/ehcache-spring http://ehcache-spring-annotations.googlecode.com/svn/schema/ehcache-spring/ehcache-spring-1.1.xsd">

    <bean id="dataSource" class="org.springframework.jdbc.datasource.SimpleDriverDataSource">
        <property name="driverClass" value="org.h2.Driver"/>
        <property name="url" value="jdbc:h2:mem:test;MODE=Oracle;DB_CLOSE_DELAY=-1;DB_CLOSE_ON_EXIT=FALSE"/>
        <property name="username" value="sa"/>
        <property name="password" value=""/>
    </bean>

    <jdbc:initialize-database data-source="dataSource" ignore-failures="DROPS">
        <jdbc:script location="classpath:schema_h2.sql"/>
    </jdbc:initialize-database>

    <ehcache:annotation-driven/>

    <ehcache:config cache-manager="cacheManager">
        <ehcache:evict-expired-elements interval="60"/>
    </ehcache:config>

    <bean id="cacheManager" class="org.springframework.cache.ehcache.EhCacheManagerFactoryBean">
        <property name="configLocation" value="classpath:ehcache.xml"/>
    </bean>

    <bean id="ehCacheFactory" class="org.springframework.cache.ehcache.EhCacheFactoryBean">
        <property name="cacheManager">
            <ref bean="cacheManager"/>
        </property>
        <property name="bootstrapCacheLoader">
            <ref bean="myBootstrapCacheLoaderFactory"/>
        </property>
    </bean>

    <bean id="myBootstrapCacheLoaderFactory" class="com.backbonerestapp.api.cache.MyBootstrapCacheLoaderFactory"/>

    <bean id="cacheKeyGenerator" class="com.backbonerestapp.api.cache.SimpleCacheKeyGenerator"/>

    <mvc:annotation-driven/>

    <context:component-scan base-package="com.backbonerestapp.api"/>
</beans>
