<?xml version="1.0" encoding="UTF-8"?>
<beans xmlns="http://www.springframework.org/schema/beans" xmlns:xsi="http://www.w3.org/2001/XMLSchema-instance"
       xmlns:jdbc="http://www.springframework.org/schema/jdbc"
       xmlns:jpa="http://www.springframework.org/schema/data/jpa"
       xsi:schemaLocation="http://www.springframework.org/schema/beans 
                           http://www.springframework.org/schema/beans/spring-beans-4.0.xsd
                           http://www.springframework.org/schema/jdbc
                           http://www.springframework.org/schema/jdbc/spring-jdbc-4.0.xsd
                           http://www.springframework.org/schema/data/jpa
                           http://www.springframework.org/schema/data/jpa/spring-jpa-1.3.xsd"
       default-lazy-init="false">

    <!-- ENABLE spring-data-jpa REPOSITORY SCANNING -->
    <jpa:repositories base-package="com.backbonerestapp.api.dao"/>

    <bean id="dataSource" class="org.springframework.jdbc.datasource.SimpleDriverDataSource">
        <property name="driverClass" value="org.h2.Driver"/>
        <property name="url" value="jdbc:h2:mem:test;MODE=Oracle;DB_CLOSE_DELAY=-1;DB_CLOSE_ON_EXIT=FALSE"/>
        <property name="username" value="sa"/>
        <property name="password" value=""/>
    </bean>

    <jdbc:initialize-database data-source="dataSource" ignore-failures="DROPS">
        <jdbc:script location="WEB-INF/schema_h2.sql"/>
    </jdbc:initialize-database>

    <bean id="hibernateJpaAdapter" class="org.springframework.orm.jpa.vendor.HibernateJpaVendorAdapter">
        <property name="showSql" value="true"/>
        <property name="generateDdl" value="true"/>
        <property name="databasePlatform" value="org.hibernate.dialect.H2Dialect"/>
    </bean>

    <bean id="entityManagerFactory" class="org.springframework.orm.jpa.LocalContainerEntityManagerFactoryBean">
        <property name="dataSource" ref="dataSource"/>
        <!-- <property name="persistenceProviderClass" value="org.hibernate.ejb.HibernatePersistence"/> -->
        <property name="jpaVendorAdapter" ref="hibernateJpaAdapter"/>
        <property name="jpaProperties">
            <props>
                <prop key="hibernate.hbm2ddl.auto">create</prop>
                <prop key="hibernate.show_sql">true</prop>
            </props>
        </property>
        <property name="packagesToScan">
            <list>
                <value>com.backbonerestapp.api.model</value>
            </list>
        </property>
    </bean>

    <bean id="transactionManager" class="org.springframework.orm.jpa.JpaTransactionManager">
        <property name="entityManagerFactory" ref="entityManagerFactory"/>
    </bean>

</beans>
